<?xml version="1.0" encoding="UTF-8"?>
<testng-results ignored="0" total="2" passed="2" failed="0" skipped="0">
  <reporter-output>
  </reporter-output>
  <suite started-at="2025-01-17T15:10:33 IST" name="Suite" finished-at="2025-01-17T15:11:11 IST" duration-ms="37793">
    <groups>
    </groups>
    <test started-at="2025-01-17T15:10:33 IST" name="Test" finished-at="2025-01-17T15:11:11 IST" duration-ms="37793">
      <class name="tests.HomePageTest">
        <test-method is-config="true" signature="setup()[pri:0, instance:tests.HomePageTest@23941fb4]" started-at="2025-01-17T15:10:33 IST" name="setup" finished-at="2025-01-17T15:10:54 IST" duration-ms="20956" status="PASS">
          <reporter-output>
          </reporter-output>
        </test-method> <!-- setup -->
        <test-method signature="testLoginButtonVisibility()[pri:0, instance:tests.HomePageTest@23941fb4]" started-at="2025-01-17T15:10:54 IST" name="testLoginButtonVisibility" finished-at="2025-01-17T15:10:55 IST" duration-ms="340" status="PASS">
          <reporter-output>
          </reporter-output>
        </test-method> <!-- testLoginButtonVisibility -->
        <test-method is-config="true" signature="teardown()[pri:0, instance:tests.HomePageTest@23941fb4]" started-at="2025-01-17T15:10:55 IST" name="teardown" finished-at="2025-01-17T15:10:55 IST" duration-ms="743" status="PASS">
          <reporter-output>
          </reporter-output>
        </test-method> <!-- teardown -->
        <test-method is-config="true" signature="setup()[pri:0, instance:tests.HomePageTest@23941fb4]" started-at="2025-01-17T15:10:55 IST" name="setup" finished-at="2025-01-17T15:11:10 IST" duration-ms="14807" status="PASS">
          <reporter-output>
          </reporter-output>
        </test-method> <!-- setup -->
        <test-method signature="testSignUpButtonVisibility()[pri:0, instance:tests.HomePageTest@23941fb4]" started-at="2025-01-17T15:11:10 IST" name="testSignUpButtonVisibility" finished-at="2025-01-17T15:11:10 IST" duration-ms="158" status="PASS">
          <reporter-output>
          </reporter-output>
        </test-method> <!-- testSignUpButtonVisibility -->
        <test-method is-config="true" signature="teardown()[pri:0, instance:tests.HomePageTest@23941fb4]" started-at="2025-01-17T15:11:10 IST" name="teardown" finished-at="2025-01-17T15:11:11 IST" duration-ms="630" status="PASS">
          <reporter-output>
          </reporter-output>
        </test-method> <!-- teardown -->
      </class> <!-- tests.HomePageTest -->
    </test> <!-- Test -->
  </suite> <!-- Suite -->
</testng-results>
